#
# A fatal error has been detected by the Java Runtime Environment:
#
#  EXCEPTION_ACCESS_VIOLATION (0xc0000005) at pc=0x000000006c302350, pid=8788, tid=0x00000000000032a4
#
# JRE version: Java(TM) SE Runtime Environment (8.0_144-b01) (build 1.8.0_144-b01)
# Java VM: Java HotSpot(TM) 64-Bit Server VM (25.144-b01 mixed mode windows-amd64 compressed oops)
# Problematic frame:
# C  [nvoglv64.DLL+0xd42350]
#
# Failed to write core dump. Minidumps are not enabled by default on client versions of Windows
#
# If you would like to submit a bug report, please visit:
#   http://bugreport.java.com/bugreport/crash.jsp
# The crash happened outside the Java Virtual Machine in native code.
# See problematic frame for where to report the bug.
#

---------------  T H R E A D  ---------------

Current thread (0x0000000003280800):  JavaThread "main" [_thread_in_native, id=12964, stack(0x0000000003180000,0x0000000003280000)]

siginfo: ExceptionCode=0xc0000005, reading address 0x0000000000000000

Registers:
RAX=0x0000000000000000, RBX=0x0000000026907798, RCX=0x00000000340064a4, RDX=0x0000000000000008
RSP=0x000000000327ec18, RBP=0x000000002b61e040, RSI=0x0000000036a63ec8, RDI=0x0000000000000003
R8 =0x0000000000000010, R9 =0x0000000000000018, R10=0x0000000000000010, R11=0x0000000000000000
R12=0x0000000000000000, R13=0x0000000000000000, R14=0x000000000327ecc0, R15=0x0000000036a63ec8
RIP=0x000000006c302350, EFLAGS=0x0000000000010202

Top of Stack: (sp=0x000000000327ec18)
0x000000000327ec18:   000000006c3ba332 0000000000000002
0x000000000327ec28:   000000000000000f 000000002b61e040
0x000000000327ec38:   000000002b61e040 0000000036a63ec8
0x000000000327ec48:   0000000026907408 0000000000000003
0x000000000327ec58:   000000006c3ba961 0000000026907798
0x000000000327ec68:   000000006c302340 0000000000000008
0x000000000327ec78:   0000000000000480 0000000026907798
0x000000000327ec88:   000000006c302340 0000000000000003
0x000000000327ec98:   000000000327ecc0 00000000075b6624
0x000000000327eca8:   000000006c2484b0 000000000000000f
0x000000000327ecb8:   00000000075b6624 00000000340064a4
0x000000000327ecc8:   10c0000000000000 000000002b61e040
0x000000000327ecd8:   0000000000000000 000000002b61e040
0x000000000327ece8:   000000002b61e040 0000000000000000
0x000000000327ecf8:   0000000000000000 0000000000000004
0x000000000327ed08:   0000000025130000 0000000000001405 

Instructions: (pc=0x000000006c302350)
0x000000006c302330:   10 41 83 e9 01 75 d9 48 8b c1 c3 cc cc cc cc cc
0x000000006c302340:   4d 63 d0 48 83 c2 08 66 0f 1f 84 00 00 00 00 00
0x000000006c302350:   8b 42 f8 89 01 8b 42 fc 89 41 04 8b 02 89 41 08
0x000000006c302360:   8b 42 04 49 03 d2 89 41 0c 48 83 c1 10 41 83 e9 


Register to memory mapping:

RAX=0x0000000000000000 is an unknown value
RBX=0x0000000026907798 is an unknown value
RCX=0x00000000340064a4 is an unknown value
RDX=0x0000000000000008 is an unknown value
RSP=0x000000000327ec18 is pointing into the stack for thread: 0x0000000003280800
RBP=0x000000002b61e040 is an unknown value
RSI=0x0000000036a63ec8 is an unknown value
RDI=0x0000000000000003 is an unknown value
R8 =0x0000000000000010 is an unknown value
R9 =0x0000000000000018 is an unknown value
R10=0x0000000000000010 is an unknown value
R11=0x0000000000000000 is an unknown value
R12=0x0000000000000000 is an unknown value
R13=0x0000000000000000 is an unknown value
R14=0x000000000327ecc0 is pointing into the stack for thread: 0x0000000003280800
R15=0x0000000036a63ec8 is an unknown value


Stack: [0x0000000003180000,0x0000000003280000],  sp=0x000000000327ec18,  free space=1019k
Native frames: (J=compiled Java code, j=interpreted, Vv=VM code, C=native code)
C  [nvoglv64.DLL+0xd42350]

Java frames: (J=compiled Java code, j=interpreted, Vv=VM code)
J 647  org.lwjgl.opengl.GL11.nglDrawElementsBO(IIIJJ)V (0 bytes) @ 0x000000000362c016 [0x000000000362bfc0+0x56]
J 644 C1 org.lwjgl.opengl.GL11.glDrawElements(IIIJ)V (32 bytes) @ 0x000000000362ea9c [0x000000000362e5a0+0x4fc]
j  normalMappingRenderer.NormalMappingRenderer.render(Ljava/util/Map;Lorg/lwjgl/util/vector/Vector4f;Ljava/util/List;Lentities/Camera;)V+105
j  renderEngine.MasterRenderer.render(Ljava/util/List;Lentities/Camera;Lorg/lwjgl/util/vector/Vector4f;)V+118
j  renderEngine.MasterRenderer.renderScene(Ljava/util/List;Ljava/util/List;Lentities/Camera;Ljava/util/List;Lorg/lwjgl/util/vector/Vector4f;)V+84
j  engineTester.MainGameLoop.main([Ljava/lang/String;)V+1833
v  ~StubRoutines::call_stub

---------------  P R O C E S S  ---------------

Java Threads: ( => current thread )
  0x0000000023843000 JavaThread "Service Thread" daemon [_thread_blocked, id=14048, stack(0x0000000024390000,0x0000000024490000)]
  0x00000000237b0000 JavaThread "C1 CompilerThread3" daemon [_thread_blocked, id=10712, stack(0x0000000024290000,0x0000000024390000)]
  0x00000000237ad000 JavaThread "C2 CompilerThread2" daemon [_thread_blocked, id=11304, stack(0x0000000024190000,0x0000000024290000)]
  0x000000002379e000 JavaThread "C2 CompilerThread1" daemon [_thread_blocked, id=14072, stack(0x0000000024090000,0x0000000024190000)]
  0x000000002379b800 JavaThread "C2 CompilerThread0" daemon [_thread_blocked, id=2364, stack(0x0000000023f90000,0x0000000024090000)]
  0x0000000023795800 JavaThread "Attach Listener" daemon [_thread_blocked, id=9004, stack(0x0000000023e90000,0x0000000023f90000)]
  0x0000000023794000 JavaThread "Signal Dispatcher" daemon [_thread_blocked, id=3804, stack(0x0000000023d90000,0x0000000023e90000)]
  0x000000000337d800 JavaThread "Finalizer" daemon [_thread_blocked, id=5316, stack(0x0000000023b70000,0x0000000023c70000)]
  0x0000000003377000 JavaThread "Reference Handler" daemon [_thread_blocked, id=11296, stack(0x0000000023670000,0x0000000023770000)]
=>0x0000000003280800 JavaThread "main" [_thread_in_native, id=12964, stack(0x0000000003180000,0x0000000003280000)]

Other Threads:
  0x0000000021889000 VMThread [stack: 0x0000000023570000,0x0000000023670000] [id=4540]
  0x0000000023856800 WatcherThread [stack: 0x0000000024830000,0x0000000024930000] [id=1000]

VM state:not at safepoint (normal execution)

VM Mutex/Monitor currently owned by a thread: None

Heap:
 PSYoungGen      total 114688K, used 57017K [0x0000000740700000, 0x0000000748700000, 0x00000007c0000000)
  eden space 98304K, 58% used [0x0000000740700000,0x0000000743eae738,0x0000000746700000)
  from space 16384K, 0% used [0x0000000747700000,0x0000000747700000,0x0000000748700000)
  to   space 16384K, 0% used [0x0000000746700000,0x0000000746700000,0x0000000747700000)
 ParOldGen       total 262144K, used 0K [0x0000000641400000, 0x0000000651400000, 0x0000000740700000)
  object space 262144K, 0% used [0x0000000641400000,0x0000000641400000,0x0000000651400000)
 Metaspace       used 5972K, capacity 6395K, committed 6528K, reserved 1056768K
  class space    used 573K, capacity 592K, committed 640K, reserved 1048576K

Card table byte_map: [0x0000000012740000,0x0000000013340000] byte_map_base: 0x000000000f536000

Marking Bits: (ParMarkBitMap*) 0x000000006e3ad850
 Begin Bits: [0x0000000014340000, 0x000000001a2f0000)
 End Bits:   [0x000000001a2f0000, 0x00000000202a0000)

Polling page: 0x00000000030a0000

CodeCache: size=245760Kb used=2790Kb max_used=2802Kb free=242969Kb
 bounds [0x0000000003380000, 0x0000000003650000, 0x0000000012380000]
 total_blobs=1091 nmethods=673 adapters=331
 compilation: enabled

Compilation events (10 events):
Event: 2.749 Thread 0x00000000237b0000 nmethod 663 0x0000000003636b50 code [0x0000000003636d40, 0x0000000003637538]
Event: 2.749 Thread 0x00000000237ad000  666       4       org.lwjgl.util.vector.Matrix4f::translate (166 bytes)
Event: 2.749 Thread 0x000000002379e000 nmethod 665 0x000000000363a750 code [0x000000000363a880, 0x000000000363a918]
Event: 2.749 Thread 0x000000002379e000  667       4       org.lwjgl.opengl.FastIntMap::get (40 bytes)
Event: 2.750 Thread 0x000000002379e000 nmethod 667 0x0000000003638f10 code [0x0000000003639060, 0x0000000003639158]
Event: 2.750 Thread 0x00000000237ad000 nmethod 666 0x0000000003638bd0 code [0x0000000003638d00, 0x0000000003638e38]
Event: 2.750 Thread 0x000000002379e000  670       4       org.lwjgl.util.vector.Matrix4f::scale (170 bytes)
Event: 2.750 Thread 0x00000000237ad000  668       4       org.lwjgl.util.vector.Matrix4f::store (146 bytes)
Event: 2.751 Thread 0x000000002379e000 nmethod 670 0x0000000003638890 code [0x00000000036389c0, 0x0000000003638ad8]
Event: 2.751 Thread 0x000000002379e000  669       4       org.lwjgl.opengl.GL20::glUniformMatrix4 (37 bytes)

GC Heap History (0 events):
No events

Deoptimization events (10 events):
Event: 2.099 Thread 0x0000000003280800 Uncommon trap: reason=array_check action=maybe_recompile pc=0x00000000035cca28 method=java.util.AbstractCollection.toArray([Ljava/lang/Object;)[Ljava/lang/Object; @ 119
Event: 2.099 Thread 0x0000000003280800 Uncommon trap: reason=array_check action=maybe_recompile pc=0x00000000035cca28 method=java.util.AbstractCollection.toArray([Ljava/lang/Object;)[Ljava/lang/Object; @ 119
Event: 2.099 Thread 0x0000000003280800 Uncommon trap: reason=array_check action=maybe_recompile pc=0x00000000035cca28 method=java.util.AbstractCollection.toArray([Ljava/lang/Object;)[Ljava/lang/Object; @ 119
Event: 2.099 Thread 0x0000000003280800 Uncommon trap: reason=array_check action=maybe_recompile pc=0x00000000035cca28 method=java.util.AbstractCollection.toArray([Ljava/lang/Object;)[Ljava/lang/Object; @ 119
Event: 2.133 Thread 0x0000000003280800 Uncommon trap: reason=unstable_if action=reinterpret pc=0x00000000035a166c method=sun.misc.FDBigInteger.cmp(Lsun/misc/FDBigInteger;)I @ 48
Event: 2.394 Thread 0x0000000003280800 Uncommon trap: reason=unstable_if action=reinterpret pc=0x00000000035ff788 method=sun.misc.FDBigInteger.<init>(J[CII)V @ 178
Event: 2.394 Thread 0x0000000003280800 Uncommon trap: reason=predicate action=maybe_recompile pc=0x0000000003589a3c method=sun.misc.FDBigInteger.cmp(Lsun/misc/FDBigInteger;)I @ 51
Event: 2.394 Thread 0x0000000003280800 Uncommon trap: reason=unstable_if action=reinterpret pc=0x00000000035ea714 method=sun.misc.FDBigInteger.rightInplaceSub(Lsun/misc/FDBigInteger;)Lsun/misc/FDBigInteger; @ 215
Event: 2.394 Thread 0x0000000003280800 Uncommon trap: reason=unstable_if action=reinterpret pc=0x000000000359b3bc method=sun.misc.FDBigInteger.<init>(J[CII)V @ 178
Event: 2.734 Thread 0x0000000003280800 Uncommon trap: reason=unstable_if action=reinterpret pc=0x00000000035e7e7c method=org.lwjgl.util.vector.Vector3f.add(Lorg/lwjgl/util/vector/Vector3f;Lorg/lwjgl/util/vector/Vector3f;Lorg/lwjgl/util/vector/Vector3f;)Lorg/lwjgl/util/vector/Vector3f; @ 1

Internal exceptions (10 events):
Event: 1.638 Thread 0x0000000003280800 Exception <a 'java/security/PrivilegedActionException'> (0x0000000740d5ec20) thrown at [C:\re\workspace\8-2-build-windows-amd64-cygwin\jdk8u144\9417\hotspot\src\share\vm\prims\jvm.cpp, line 1390]
Event: 2.082 Thread 0x0000000003280800 Exception <a 'java/security/PrivilegedActionException'> (0x0000000741500d98) thrown at [C:\re\workspace\8-2-build-windows-amd64-cygwin\jdk8u144\9417\hotspot\src\share\vm\prims\jvm.cpp, line 1390]
Event: 2.082 Thread 0x0000000003280800 Exception <a 'java/security/PrivilegedActionException'> (0x00000007415029b0) thrown at [C:\re\workspace\8-2-build-windows-amd64-cygwin\jdk8u144\9417\hotspot\src\share\vm\prims\jvm.cpp, line 1390]
Event: 2.082 Thread 0x0000000003280800 Exception <a 'java/security/PrivilegedActionException'> (0x0000000741503b20) thrown at [C:\re\workspace\8-2-build-windows-amd64-cygwin\jdk8u144\9417\hotspot\src\share\vm\prims\jvm.cpp, line 1390]
Event: 2.083 Thread 0x0000000003280800 Exception <a 'java/security/PrivilegedActionException'> (0x0000000741508c88) thrown at [C:\re\workspace\8-2-build-windows-amd64-cygwin\jdk8u144\9417\hotspot\src\share\vm\prims\jvm.cpp, line 1390]
Event: 2.083 Thread 0x0000000003280800 Exception <a 'java/security/PrivilegedActionException'> (0x00000007415098e0) thrown at [C:\re\workspace\8-2-build-windows-amd64-cygwin\jdk8u144\9417\hotspot\src\share\vm\prims\jvm.cpp, line 1390]
Event: 2.083 Thread 0x0000000003280800 Exception <a 'java/security/PrivilegedActionException'> (0x000000074150a508) thrown at [C:\re\workspace\8-2-build-windows-amd64-cygwin\jdk8u144\9417\hotspot\src\share\vm\prims\jvm.cpp, line 1390]
Event: 2.083 Thread 0x0000000003280800 Exception <a 'java/security/PrivilegedActionException'> (0x000000074150b9c0) thrown at [C:\re\workspace\8-2-build-windows-amd64-cygwin\jdk8u144\9417\hotspot\src\share\vm\prims\jvm.cpp, line 1390]
Event: 2.083 Thread 0x0000000003280800 Exception <a 'java/security/PrivilegedActionException'> (0x000000074150c618) thrown at [C:\re\workspace\8-2-build-windows-amd64-cygwin\jdk8u144\9417\hotspot\src\share\vm\prims\jvm.cpp, line 1390]
Event: 2.083 Thread 0x0000000003280800 Exception <a 'java/security/PrivilegedActionException'> (0x000000074150d240) thrown at [C:\re\workspace\8-2-build-windows-amd64-cygwin\jdk8u144\9417\hotspot\src\share\vm\prims\jvm.cpp, line 1390]

Events (10 events):
Event: 2.734 Thread 0x0000000003280800 DEOPT PACKING pc=0x00000000035e7e7c sp=0x000000000327ef40
Event: 2.734 Thread 0x0000000003280800 DEOPT UNPACKING pc=0x00000000033c582a sp=0x000000000327eef8 mode 2
Event: 2.734 loading class java/lang/StrictMath
Event: 2.734 loading class java/lang/StrictMath done
Event: 2.734 loading class java/util/HashMap$KeySet
Event: 2.734 loading class java/util/HashMap$KeySet done
Event: 2.734 loading class java/util/HashMap$KeyIterator
Event: 2.734 loading class java/util/HashMap$KeyIterator done
Event: 2.735 loading class tools/Maths
Event: 2.735 loading class tools/Maths done


Dynamic libraries:
0x00007ff6e0be0000 - 0x00007ff6e0c17000 	C:\Program Files\Java\jre1.8.0_144\bin\javaw.exe
0x00007ffde3010000 - 0x00007ffde31eb000 	C:\Windows\SYSTEM32\ntdll.dll
0x00007ffde0630000 - 0x00007ffde06de000 	C:\Windows\System32\KERNEL32.DLL
0x00007ffddf6b0000 - 0x00007ffddf8f9000 	C:\Windows\System32\KERNELBASE.dll
0x00007ffde2f60000 - 0x00007ffde3001000 	C:\Windows\System32\ADVAPI32.dll
0x00007ffde2cd0000 - 0x00007ffde2d6d000 	C:\Windows\System32\msvcrt.dll
0x00007ffde2bf0000 - 0x00007ffde2c49000 	C:\Windows\System32\sechost.dll
0x00007ffde21f0000 - 0x00007ffde2315000 	C:\Windows\System32\RPCRT4.dll
0x00007ffde20a0000 - 0x00007ffde21ea000 	C:\Windows\System32\USER32.dll
0x00007ffddfd50000 - 0x00007ffddfd6e000 	C:\Windows\System32\win32u.dll
0x00007ffde0b80000 - 0x00007ffde0ba7000 	C:\Windows\System32\GDI32.dll
0x00007ffddfb20000 - 0x00007ffddfca8000 	C:\Windows\System32\gdi32full.dll
0x00007ffddfcb0000 - 0x00007ffddfd4a000 	C:\Windows\System32\msvcp_win.dll
0x00007ffddfd70000 - 0x00007ffddfe66000 	C:\Windows\System32\ucrtbase.dll
0x00007ffdd8690000 - 0x00007ffdd88f7000 	C:\Windows\WinSxS\amd64_microsoft.windows.common-controls_6595b64144ccf1df_6.0.15063.483_none_26002d27e7c744a2\COMCTL32.dll
0x00007ffde06e0000 - 0x00007ffde09d9000 	C:\Windows\System32\combase.dll
0x00007ffddf640000 - 0x00007ffddf6aa000 	C:\Windows\System32\bcryptPrimitives.dll
0x00007ffde2430000 - 0x00007ffde245d000 	C:\Windows\System32\IMM32.DLL
0x000000006d830000 - 0x000000006d902000 	C:\Program Files\Java\jre1.8.0_144\bin\msvcr100.dll
0x000000006db90000 - 0x000000006e42d000 	C:\Program Files\Java\jre1.8.0_144\bin\server\jvm.dll
0x00007ffde2be0000 - 0x00007ffde2be8000 	C:\Windows\System32\PSAPI.DLL
0x00007ffddd880000 - 0x00007ffddd889000 	C:\Windows\SYSTEM32\WSOCK32.dll
0x00007ffddd9d0000 - 0x00007ffddd9f3000 	C:\Windows\SYSTEM32\WINMM.dll
0x00007ffdda080000 - 0x00007ffdda08a000 	C:\Windows\SYSTEM32\VERSION.dll
0x00007ffde2a70000 - 0x00007ffde2adc000 	C:\Windows\System32\WS2_32.dll
0x00007ffddd970000 - 0x00007ffddd99b000 	C:\Windows\SYSTEM32\winmmbase.dll
0x00007ffddfad0000 - 0x00007ffddfb19000 	C:\Windows\System32\cfgmgr32.dll
0x000000006daa0000 - 0x000000006daaf000 	C:\Program Files\Java\jre1.8.0_144\bin\verify.dll
0x000000006da70000 - 0x000000006da99000 	C:\Program Files\Java\jre1.8.0_144\bin\java.dll
0x000000006da50000 - 0x000000006da66000 	C:\Program Files\Java\jre1.8.0_144\bin\zip.dll
0x00007ffde0c60000 - 0x00007ffde2097000 	C:\Windows\System32\SHELL32.dll
0x00007ffde0bb0000 - 0x00007ffde0c5a000 	C:\Windows\System32\shcore.dll
0x00007ffddfe70000 - 0x00007ffde0563000 	C:\Windows\System32\windows.storage.dll
0x00007ffde2460000 - 0x00007ffde24b1000 	C:\Windows\System32\shlwapi.dll
0x00007ffddf510000 - 0x00007ffddf521000 	C:\Windows\System32\kernel.appcore.dll
0x00007ffddf4c0000 - 0x00007ffddf50c000 	C:\Windows\System32\powrprof.dll
0x00007ffddf480000 - 0x00007ffddf495000 	C:\Windows\System32\profapi.dll
0x0000000180000000 - 0x0000000180051000 	F:\Bibliotheken\Dokumente\repositories\SuperMario3D\lib\natives\lwjgl64.dll
0x00007ffdd73c0000 - 0x00007ffdd74e1000 	C:\Windows\SYSTEM32\OPENGL32.dll
0x00007ffdd70d0000 - 0x00007ffdd70fc000 	C:\Windows\SYSTEM32\GLU32.dll
0x00007ffdddb90000 - 0x00007ffdddc25000 	C:\Windows\system32\uxtheme.dll
0x00007ffde24c0000 - 0x00007ffde2626000 	C:\Windows\System32\MSCTF.dll
0x00007ffde0570000 - 0x00007ffde0630000 	C:\Windows\System32\OLEAUT32.dll
0x00007ffddd910000 - 0x00007ffddd93a000 	C:\Windows\system32\dwmapi.dll
0x000000006b5c0000 - 0x000000006d829000 	C:\Windows\SYSTEM32\nvoglv64.DLL
0x00007ffde2630000 - 0x00007ffde2a6b000 	C:\Windows\System32\SETUPAPI.dll
0x00007ffddce70000 - 0x00007ffddce83000 	C:\Windows\SYSTEM32\WTSAPI32.dll
0x00007ffdddfa0000 - 0x00007ffdddfc8000 	C:\Windows\SYSTEM32\DEVOBJ.dll
0x00007ffddf5e0000 - 0x00007ffddf636000 	C:\Windows\System32\WINTRUST.dll
0x00007ffddf4a0000 - 0x00007ffddf4b1000 	C:\Windows\System32\MSASN1.dll
0x00007ffddf900000 - 0x00007ffddfac9000 	C:\Windows\System32\CRYPT32.dll
0x00007ffdde7e0000 - 0x00007ffdde811000 	C:\Windows\SYSTEM32\ntmarta.dll
0x00007ffdd84b0000 - 0x00007ffdd8681000 	C:\Windows\system32\nvspcap64.dll
0x00007ffde2d70000 - 0x00007ffde2eb5000 	C:\Windows\System32\ole32.dll
0x00007ffdda180000 - 0x00007ffdda257000 	C:\Windows\SYSTEM32\WINHTTP.dll
0x00007ffdd5a00000 - 0x00007ffdd5e3f000 	C:\Windows\system32\nvapi64.dll
0x00007ffdde2f0000 - 0x00007ffdde394000 	C:\Windows\SYSTEM32\dxgi.dll
0x00007ffdd78c0000 - 0x00007ffdd7942000 	C:\Windows\System32\TextInputFramework.dll
0x00007ffddcd80000 - 0x00007ffddce63000 	C:\Windows\System32\CoreMessaging.dll
0x00007ffddade0000 - 0x00007ffddb0b2000 	C:\Windows\System32\CoreUIComponents.dll
0x00007ffddd780000 - 0x00007ffddd795000 	C:\Windows\SYSTEM32\usermgrcli.dll
0x00007ffddb7a0000 - 0x00007ffddb8d9000 	C:\Windows\SYSTEM32\wintypes.dll
0x00007ffdd8a80000 - 0x00007ffdd8b13000 	C:\Windows\SYSTEM32\mscms.dll
0x00007ffddf3b0000 - 0x00007ffddf3d9000 	C:\Windows\SYSTEM32\USERENV.dll
0x00007ffdcb670000 - 0x00007ffdcb6b1000 	C:\Windows\SYSTEM32\icm32.dll
0x00007ffdde5e0000 - 0x00007ffdde635000 	C:\Windows\SYSTEM32\WINSTA.dll
0x000000006b420000 - 0x000000006b5b8000 	C:\Program Files\Java\jre1.8.0_144\bin\awt.dll
0x00007ffddd640000 - 0x00007ffddd6be000 	C:\Windows\SYSTEM32\apphelp.dll
0x0000000024bc0000 - 0x0000000024c24000 	F:\Bibliotheken\Dokumente\repositories\SuperMario3D\lib\natives\OpenAL64.dll
0x00007ffde2b40000 - 0x00007ffde2bde000 	C:\Windows\System32\clbcatq.dll
0x00007ffdda7e0000 - 0x00007ffdda847000 	C:\Windows\System32\MMDevApi.dll
0x00007ffddd290000 - 0x00007ffddd426000 	C:\Windows\System32\PROPSYS.dll
0x00007ffdc0a40000 - 0x00007ffdc0acc000 	C:\Windows\SYSTEM32\dsound.dll
0x00007ffdd5e60000 - 0x00007ffdd5f65000 	C:\Windows\SYSTEM32\AUDIOSES.DLL
0x00007ffddb420000 - 0x00007ffddb42b000 	C:\Windows\SYSTEM32\AVRT.dll
0x00007ffdd2db0000 - 0x00007ffdd2f59000 	C:\Windows\SYSTEM32\dbghelp.dll

VM Arguments:
jvm_args: -Djava.library.path=F:\Bibliotheken\Dokumente\repositories\SuperMario3D\lib\natives -Dfile.encoding=Cp1252 
java_command: engineTester.MainGameLoop
java_class_path (initial): F:\Bibliotheken\Dokumente\repositories\SuperMario3D\bin;F:\Bibliotheken\Dokumente\repositories\SuperMario3D\lib\jars\lwjgl_util.jar;F:\Bibliotheken\Dokumente\repositories\SuperMario3D\lib\jars\lwjgl.jar;F:\Bibliotheken\Dokumente\repositories\SuperMario3D\lib\jars\slick-util.jar;F:\Bibliotheken\Dokumente\repositories\SuperMario3D\lib\jars\PNGDecoder.jar
Launcher Type: SUN_STANDARD

Environment Variables:
PATH=C:/Program Files/Java/jre1.8.0_144/bin/server;C:/Program Files/Java/jre1.8.0_144/bin;C:/Program Files/Java/jre1.8.0_144/lib/amd64;C:\ProgramData\Oracle\Java\javapath;C:\Program Files (x86)\Common Files\Intel\Shared Libraries\redist\intel64\compiler;C:\Windows\system32;C:\Windows;C:\Windows\System32\Wbem;C:\Windows\System32\WindowsPowerShell\v1.0\;C:\Program Files (x86)\NVIDIA Corporation\PhysX\Common;C:\Users\Julian-Tower\AppData\Local\Microsoft\WindowsApps;;C:\Windows\System32;
USERNAME=Julian-Tower
OS=Windows_NT
PROCESSOR_IDENTIFIER=Intel64 Family 6 Model 60 Stepping 3, GenuineIntel



---------------  S Y S T E M  ---------------

OS: Windows 10.0 , 64 bit Build 15063 (10.0.15063.296)

CPU:total 8 (initial active 8) (4 cores per cpu, 2 threads per core) family 6 model 60 stepping 3, cmov, cx8, fxsr, mmx, sse, sse2, sse3, ssse3, sse4.1, sse4.2, popcnt, avx, avx2, aes, clmul, erms, lzcnt, ht, tsc, tscinvbit, bmi1, bmi2

Memory: 4k page, physical 25083308k(18456972k free), swap 28753324k(19414900k free)

vm_info: Java HotSpot(TM) 64-Bit Server VM (25.144-b01) for windows-amd64 JRE (1.8.0_144-b01), built on Jul 21 2017 21:57:33 by "java_re" with MS VC++ 10.0 (VS2010)

time: Wed Aug 23 18:49:04 2017
elapsed time: 2 seconds (0d 0h 0m 2s)

